\BOOKMARK [0][-]{chapter.2}{\376\377\000\332\000v\000o\000d}{}% 1
\BOOKMARK [0][-]{chapter.3}{\376\377\000P\000r\000o\000b\000l\000\351\000m\000\040\000s\000p\000r\000\341\000v\000y\000\040\000p\000a\000m\001\033\000t\000i}{}% 2
\BOOKMARK [1][-]{section.4}{\376\377\000G\000a\000r\000b\000a\000g\000e\000\040\000c\000o\000l\000l\000e\000c\000t\000o\000r}{chapter.3}% 3
\BOOKMARK [0][-]{chapter.5}{\376\377\000S\000t\000r\000u\000k\000t\000u\000r\000a\000\040\000p\000a\000m\001\033\000t\000i\000\040\000p\000r\000o\000g\000r\000a\000m\000u}{}% 4
\BOOKMARK [1][-]{section.6}{\376\377\000S\000t\000r\000u\000k\000t\000u\000r\000a\000\040\000J\000V\000M\000\040\000s\000t\000a\000c\000k\000u}{chapter.5}% 5
\BOOKMARK [2][-]{subsection.7}{\376\377\000R\000\341\000m\000c\000e}{section.6}% 6
\BOOKMARK [1][-]{section.10}{\376\377\000P\000r\000o\000g\000r\000a\000m\000\040\000c\000o\000u\000n\000t\000e\000r\000\040\000r\000e\000g\000i\000s\000t\000r}{chapter.5}% 7
\BOOKMARK [1][-]{section.11}{\376\377\000S\000t\000a\000c\000k\000\040\000n\000a\000t\000i\000v\000n\000\355\000c\000h\000\040\000m\000e\000t\000o\000d}{chapter.5}% 8
\BOOKMARK [1][-]{section.12}{\376\377\000H\000e\000a\000p}{chapter.5}% 9
\BOOKMARK [1][-]{section.13}{\376\377\000N\000o\000n\000-\000h\000e\000a\000p\000\040\000o\000b\000l\000a\000s\000t}{chapter.5}% 10
\BOOKMARK [2][-]{subsection.14}{\376\377\000O\000b\000l\000a\000s\000t\000\040\000m\000e\000t\000o\000d}{section.13}% 11
\BOOKMARK [1][-]{section.17}{\376\377\000R\000u\000n\000t\000i\000m\000e\000\040\000c\000o\000n\000s\000t\000a\000n\000t\000\040\000p\000o\000o\000l}{chapter.5}% 12
\BOOKMARK [2][-]{subsection.18}{\376\377\001\130\000e\000t\001\033\000z\000c\000e}{section.17}% 13
\BOOKMARK [1][-]{section.27}{\376\377\000S\000p\000r\000\341\000v\000a\000\040\000a\000\040\000s\000t\000r\000u\000k\000t\000u\000r\000a\000\040\000J\000a\000v\000a\000\040\000h\000e\000a\000p\000u}{chapter.5}% 14
\BOOKMARK [2][-]{subsection.28}{\376\377\000G\000a\000r\000b\000a\000g\000e\000\040\000c\000o\000l\000l\000e\000c\000t\000i\000o\000n}{section.27}% 15
\BOOKMARK [2][-]{subsection.33}{\376\377\000H\000e\000a\000p\000\040\000D\000u\000m\000p}{section.27}% 16
\BOOKMARK [2][-]{subsection.38}{\376\377\000Z\000p\000r\000a\000c\000o\000v\000\341\000n\000\355\000\040\000d\000u\000m\000p\000u}{section.27}% 17
\BOOKMARK [2][-]{subsection.39}{\376\377\000B\000i\000n\000\341\000r\000n\000\355\000\040\000f\000o\000r\000m\000\341\000t\000\040\000d\000u\000m\000p\000u\000\040\000h\000e\000a\000p\000u}{section.27}% 18
\BOOKMARK [0][-]{chapter.52}{\376\377\000P\000r\000\341\000c\000e\000\040\000s\000\040\000p\000a\000m\001\033\000t\000\355}{}% 19
\BOOKMARK [1][-]{section.53}{\376\377\000O\000p\000t\000i\000m\000a\000l\000i\000z\000a\000c\000e\000\040\000u\001\176\000i\000t\000\355\000\040\000p\000a\000m\001\033\000t\000i}{chapter.52}% 20
\BOOKMARK [1][-]{section.54}{\376\377\000A\000n\000a\000l\000\375\000z\000a\000\040\000z\000a\000\040\000b\001\033\000h\000u\000\040\000p\000r\000o\000g\000r\000a\000m\000u}{chapter.52}% 21
\BOOKMARK [0][-]{chapter.57}{\376\377\000J\000a\000v\000a\000\040\000V\000i\000r\000t\000u\000a\000l\000\040\000M\000a\000c\000h\000i\000n\000e}{}% 22
\BOOKMARK [1][-]{section.58}{\376\377\000J\000a\000v\000a\000\040\000B\000y\000t\000e\000c\000o\000d\000e}{chapter.57}% 23
\BOOKMARK [1][-]{section.59}{\376\377\000C\000l\000a\000s\000s\000\040\000l\000o\000a\000d\000e\000r}{chapter.57}% 24
\BOOKMARK [0][-]{chapter.68}{\376\377\000E\000x\000i\000s\000t\000u\000j\000\355\000c\000\355\000\040\000n\000\341\000s\000t\000r\000o\000j\000e\000\040\000p\000r\000o\000\040\000a\000n\000a\000l\000\375\000z\000u\000\040\000h\000e\000a\000p\000u}{}% 25
\BOOKMARK [1][-]{section.69}{\376\377\000E\000c\000l\000i\000p\000s\000e\000\040\000M\000A\000T}{chapter.68}% 26
\BOOKMARK [2][-]{subsection.70}{\376\377\000Z\000\341\000k\000l\000a\000d\000n\000\355\000\040\000i\000n\000f\000o\000r\000m\000a\000c\000e}{section.69}% 27
\BOOKMARK [1][-]{section.73}{\376\377\000V\000i\000s\000u\000a\000l\000V\000M}{chapter.68}% 28
\BOOKMARK [2][-]{subsection.74}{\376\377\000Z\000\341\000k\000l\000a\000d\000n\000\355\000\040\000i\000n\000f\000o\000r\000m\000a\000c\000e}{section.73}% 29
\BOOKMARK [1][-]{section.77}{\376\377\000J\000a\000v\000a\000\040\000M\000i\000s\000s\000i\000o\000n\000\040\000C\000o\000n\000t\000r\000o\000l}{chapter.68}% 30
\BOOKMARK [2][-]{subsection.78}{\376\377\000Z\000\341\000k\000l\000a\000d\000n\000\355\000\040\000i\000n\000f\000o\000r\000m\000a\000c\000e}{section.77}% 31
\BOOKMARK [1][-]{section.81}{\376\377\000J\000P\000r\000o\000f\000i\000l\000e\000r}{chapter.68}% 32
\BOOKMARK [2][-]{subsection.82}{\376\377\000Z\000\341\000k\000l\000a\000d\000n\000\355\000\040\000i\000n\000f\000o\000r\000m\000a\000c\000e}{section.81}% 33
\BOOKMARK [1][-]{section.85}{\376\377\000J\000H\000A\000T}{chapter.68}% 34
\BOOKMARK [2][-]{subsection.86}{\376\377\000Z\000\341\000k\000l\000a\000d\000n\000\355\000\040\000i\000n\000f\000o\000r\000m\000a\000c\000e}{section.85}% 35
\BOOKMARK [1][-]{section.89}{\376\377\000O\000Q\000L}{chapter.68}% 36
\BOOKMARK [1][-]{section.94}{\376\377\000K\000n\000i\000h\000o\000v\000n\000y}{chapter.68}% 37
\BOOKMARK [2][-]{subsection.95}{\376\377\000H\000p\000r\000o\000f\000\040\000H\000e\000a\000p\000\040\000D\000u\000m\000p\000\040\000p\000a\000r\000s\000e\000r}{section.94}% 38
\BOOKMARK [2][-]{subsection.96}{\376\377\000Z\000\341\000k\000l\000a\000d\000n\000\355\000\040\000i\000n\000f\000o\000r\000m\000a\000c\000e}{section.94}% 39
\BOOKMARK [0][-]{chapter.97}{\376\377\000M\000o\001\176\000n\000o\000s\000t\000i\000\040\000a\000n\000a\000l\000\375\000z\000y}{}% 40
\BOOKMARK [1][-]{section.98}{\376\377\000R\000o\000v\000n\000o\000s\000t\000\040\000o\000b\000j\000e\000k\000t\001\157}{chapter.97}% 41
\BOOKMARK [1][-]{section.105}{\376\377\000R\000o\000v\000n\000o\000s\000t\000\040\000s\000l\000o\001\176\000i\000t\001\033\000j\001\141\000\355\000c\000h\000\040\000o\000b\000j\000e\000k\000t\001\157}{chapter.97}% 42
\BOOKMARK [2][-]{subsection.106}{\376\377\000P\000o\000r\000o\000v\000n\000\341\000v\000\341\000n\000\355\000\040\000r\000e\000f\000e\000r\000e\000n\000c\000o\000v\000a\000n\000\375\000c\000h\000\040\000o\000b\000j\000e\000k\000t\001\157}{section.105}% 43
\BOOKMARK [2][-]{subsection.113}{\376\377\000P\000o\000r\000o\000v\000n\000\341\000v\000\341\000n\000\355\000\040\001\131\000e\000t\001\033\000z\000c\001\157}{section.105}% 44
\BOOKMARK [2][-]{subsection.114}{\376\377\000P\000o\000r\000o\000v\000n\000\341\000v\000\341\000n\000\355\000\040\000p\000o\000l\000\355\000\040\000a\000\040\000k\000o\000l\000e\000k\000c\000\355}{section.105}% 45
\BOOKMARK [1][-]{section.116}{\376\377\000E\000f\000e\000k\000t\000i\000v\000i\000t\000a\000\040\000v\000y\000u\001\176\000i\000t\000\355\000\040\000p\000o\000l\000\355\000\040\000a\000\040\000k\000o\000l\000e\000k\000c\000\355}{chapter.97}% 46
\BOOKMARK [0][-]{chapter.119}{\376\377\000N\000\341\000v\000r\000h\000\040\000i\000m\000p\000l\000e\000m\000e\000n\000t\000a\000c\000e}{}% 47
\BOOKMARK [1][-]{section.120}{\376\377\000V\000o\000l\000b\000a\000\040\000p\000l\000a\000t\000f\000o\000r\000m\000y}{chapter.119}% 48
\BOOKMARK [1][-]{section.122}{\376\377\000Z\000p\001\157\000s\000o\000b\000\040\000z\000p\000r\000a\000c\000o\000v\000\341\000n\000\355\000\040\000h\000e\000a\000p\000u}{chapter.119}% 49
\BOOKMARK [1][-]{section.123}{\376\377\000H\000p\000r\000o\000f\000\040\000H\000e\000a\000p\000\040\000D\000u\000m\000p\000\040\000p\000a\000r\000s\000e\000r}{chapter.119}% 50
\BOOKMARK [2][-]{subsection.124}{\376\377\000Z\000\341\000k\000l\000a\000d\000n\000\355\000\040\000s\000t\000r\000u\000k\000t\000u\000r\000a}{section.123}% 51
\BOOKMARK [2][-]{subsection.130}{\376\377\000R\000e\000c\000o\000r\000d\000H\000a\000n\000d\000l\000e\000r}{section.123}% 52
\BOOKMARK [2][-]{subsection.131}{\376\377\000D\000e\000f\000i\000n\000o\000v\000a\000n\000\351\000\040\000e\000n\000t\000i\000t\000y}{section.123}% 53
\BOOKMARK [2][-]{subsection.139}{\376\377\000P\000o\000u\001\176\000i\000t\000\355\000\040\000k\000n\000i\000h\000o\000v\000n\000y}{section.123}% 54
\BOOKMARK [1][-]{section.157}{\376\377\000N\000\341\000v\000r\000h\000\040\000s\000t\000r\000u\000k\000t\000u\000r\000y\000\040\000a\000p\000l\000i\000k\000a\000c\000e}{chapter.119}% 55
\BOOKMARK [1][-]{section.162}{\376\377\000R\000o\000z\000h\000r\000a\000n\000\355\000\040\000p\000i\000p\000e\000l\000i\000n\000e\000\040\000a\000\040\000m\000o\000d\000u\000l\001\157}{chapter.119}% 56
\BOOKMARK [0][-]{chapter.163}{\376\377\000I\000m\000p\000l\000e\000m\000e\000n\000t\000a\000c\000e}{}% 57
\BOOKMARK [1][-]{section.164}{\376\377\000Z\000p\000r\000a\000c\000o\000v\000\341\000n\000\355\000\040\000d\000u\000m\000p\000u}{chapter.163}% 58
\BOOKMARK [1][-]{section.165}{\376\377\000A\000n\000a\000l\000\375\000z\000a\000\040\000p\000l\000\375\000t\000v\000\341\000n\000\355\000\040\000p\000a\000m\001\033\000t\000\355}{chapter.163}% 59
\BOOKMARK [2][-]{subsection.170}{\376\377\000A\000n\000a\000l\000\375\000z\000a\000\040\000d\000u\000p\000l\000i\000c\000i\000t}{section.165}% 60
\BOOKMARK [2][-]{subsection.171}{\376\377\000A\000n\000a\000l\000\375\000z\000a\000\040\000k\000o\000l\000e\000k\000c\000\355}{section.165}% 61
\BOOKMARK [0][-]{chapter.172}{\376\377\000O\000v\001\033\001\131\000e\000n\000\355\000\040\000i\000m\000p\000l\000e\000m\000e\000n\000t\000a\000c\000e}{}% 62
\BOOKMARK [1][-]{section.173}{\376\377\000T\000e\000s\000t\000o\000v\000a\000c\000\355\000\040\000a\000p\000l\000i\000k\000a\000c\000e}{chapter.172}% 63
\BOOKMARK [1][-]{section.178}{\376\377\000T\000e\000s\000t\000o\000v\000\341\000n\000\355\000\040\000S\000p\000r\000i\000n\000g\000\040\000B\000o\000o\000t}{chapter.172}% 64
\BOOKMARK [1][-]{section.183}{\376\377\000I\000n\000t\000e\000p\000r\000e\000t\000a\000c\000e\000\040\000v\000\375\000s\000l\000e\000d\000k\001\157}{chapter.172}% 65
\BOOKMARK [0][-]{chapter.184}{\376\377\000Z\000\341\000v\001\033\000r}{}% 66
\BOOKMARK [0][-]{section*.186}{\376\377\000L\000i\000t\000e\000r\000a\000t\000u\000r\000a}{}% 67
\BOOKMARK [0][-]{section*.186}{\376\377\000S\000e\000z\000n\000a\000m\000\040\000o\000b\000r\000\341\000z\000k\001\157}{}% 68
\BOOKMARK [0][-]{section*.187}{\376\377\000S\000e\000z\000n\000a\000m\000\040\000t\000a\000b\000u\000l\000e\000k}{}% 69
\BOOKMARK [0][-]{section*.190}{\376\377\000S\000e\000z\000n\000a\000m\000\040\000z\000k\000r\000a\000t\000e\000k}{}% 70
\BOOKMARK [0][-]{section*.192}{\376\377\000S\000e\000z\000n\000a\000m\000\040\000p\001\131\000\355\000l\000o\000h}{}% 71
\BOOKMARK [0][-]{chapter.193}{\376\377\000P\001\131\000\355\000l\000o\000h\000y\000\040}{}% 72
\BOOKMARK [1][-]{section.194}{\376\377\000U\001\176\000i\000v\000a\000t\000e\000l\000s\000k\000\341\000\040\000d\000o\000k\000u\000m\000e\000n\000t\000a\000c\000e\000\040}{chapter.193}% 73
\BOOKMARK [1][-]{section.195}{\376\377\000V\000\375\000p\000i\000s\000\040\000p\000r\000o\000g\000r\000a\000m\000u\000\040}{chapter.193}% 74
